{"D:\\student\\node\\src\\app.ts": {"path":"D:\\student\\node\\src\\app.ts","statementMap":{"0":{"start":{"line":9,"column":6},"end":{"line":9,"column":null}},"1":{"start":{"line":11,"column":0},"end":{"line":11,"column":null}},"2":{"start":{"line":12,"column":0},"end":{"line":12,"column":null}},"3":{"start":{"line":14,"column":0},"end":{"line":14,"column":null}},"4":{"start":{"line":15,"column":0},"end":{"line":15,"column":null}},"5":{"start":{"line":17,"column":0},"end":{"line":19,"column":null}},"6":{"start":{"line":18,"column":1},"end":{"line":18,"column":null}},"7":{"start":{"line":20,"column":0},"end":{"line":20,"column":null}}},"fnMap":{"0":{"name":"(anonymous_0)","decl":{"start":{"line":17,"column":8},"end":{"line":17,"column":26}},"loc":{"start":{"line":17,"column":40},"end":{"line":19,"column":1}},"line":17}},"branchMap":{},"s":{"0":1,"1":1,"2":1,"3":1,"4":1,"5":1,"6":0,"7":1},"f":{"0":0},"b":{},"meta":{"lastBranch":0,"lastFunction":1,"lastStatement":8,"seen":{"s:9:6:9:Infinity":0,"s:11:0:11:Infinity":1,"s:12:0:12:Infinity":2,"s:14:0:14:Infinity":3,"s:15:0:15:Infinity":4,"s:17:0:19:Infinity":5,"f:17:8:17:26":0,"s:18:1:18:Infinity":6,"s:20:0:20:Infinity":7},"fnNames":{}}}
,"D:\\student\\node\\src\\errors.ts": {"path":"D:\\student\\node\\src\\errors.ts","statementMap":{"0":{"start":{"line":3,"column":2},"end":{"line":3,"column":null}},"1":{"start":{"line":4,"column":2},"end":{"line":4,"column":null}},"2":{"start":{"line":10,"column":2},"end":{"line":10,"column":null}},"3":{"start":{"line":11,"column":2},"end":{"line":11,"column":null}},"4":{"start":{"line":17,"column":2},"end":{"line":17,"column":null}},"5":{"start":{"line":18,"column":2},"end":{"line":18,"column":null}}},"fnMap":{"0":{"name":"constructor","decl":{"start":{"line":2,"column":1},"end":{"line":2,"column":13}},"loc":{"start":{"line":2,"column":30},"end":{"line":5,"column":null}},"line":2},"1":{"name":"constructor_2","decl":{"start":{"line":9,"column":1},"end":{"line":9,"column":13}},"loc":{"start":{"line":9,"column":30},"end":{"line":12,"column":null}},"line":9},"2":{"name":"constructor_3","decl":{"start":{"line":16,"column":1},"end":{"line":16,"column":13}},"loc":{"start":{"line":16,"column":30},"end":{"line":19,"column":null}},"line":16}},"branchMap":{},"s":{"0":3,"1":3,"2":2,"3":2,"4":7,"5":7},"f":{"0":3,"1":2,"2":7},"b":{},"meta":{"lastBranch":0,"lastFunction":3,"lastStatement":6,"seen":{"f:2:1:2:13":0,"s:3:2:3:Infinity":0,"s:4:2:4:Infinity":1,"f:9:1:9:13":1,"s:10:2:10:Infinity":2,"s:11:2:11:Infinity":3,"f:16:1:16:13":2,"s:17:2:17:Infinity":4,"s:18:2:18:Infinity":5},"fnNames":{}}}
,"D:\\student\\node\\src\\controllers\\authController.ts": {"path":"D:\\student\\node\\src\\controllers\\authController.ts","statementMap":{"0":{"start":{"line":5,"column":30},"end":{"line":23,"column":null}},"1":{"start":{"line":7,"column":16},"end":{"line":7,"column":null}},"2":{"start":{"line":8,"column":2},"end":{"line":8,"column":null}},"3":{"start":{"line":11,"column":16},"end":{"line":11,"column":null}},"4":{"start":{"line":12,"column":2},"end":{"line":12,"column":null}},"5":{"start":{"line":15,"column":27},"end":{"line":15,"column":null}},"6":{"start":{"line":16,"column":2},"end":{"line":16,"column":null}},"7":{"start":{"line":19,"column":27},"end":{"line":19,"column":null}},"8":{"start":{"line":20,"column":2},"end":{"line":20,"column":null}},"9":{"start":{"line":21,"column":2},"end":{"line":21,"column":null}}},"fnMap":{"0":{"name":"(anonymous_0)","decl":{"start":{"line":6,"column":63},"end":{"line":6,"column":70}},"loc":{"start":{"line":6,"column":83},"end":{"line":9,"column":2}},"line":6},"1":{"name":"(anonymous_1)","decl":{"start":{"line":10,"column":57},"end":{"line":10,"column":64}},"loc":{"start":{"line":10,"column":77},"end":{"line":13,"column":2}},"line":10},"2":{"name":"(anonymous_2)","decl":{"start":{"line":14,"column":61},"end":{"line":14,"column":68}},"loc":{"start":{"line":14,"column":81},"end":{"line":17,"column":2}},"line":14},"3":{"name":"(anonymous_3)","decl":{"start":{"line":18,"column":60},"end":{"line":18,"column":67}},"loc":{"start":{"line":18,"column":80},"end":{"line":22,"column":2}},"line":18}},"branchMap":{},"s":{"0":1,"1":6,"2":6,"3":3,"4":3,"5":0,"6":0,"7":0,"8":0,"9":0},"f":{"0":6,"1":3,"2":0,"3":0},"b":{},"meta":{"lastBranch":0,"lastFunction":4,"lastStatement":10,"seen":{"s:5:30:23:Infinity":0,"f:6:63:6:70":0,"s:7:16:7:Infinity":1,"s:8:2:8:Infinity":2,"f:10:57:10:64":1,"s:11:16:11:Infinity":3,"s:12:2:12:Infinity":4,"f:14:61:14:68":2,"s:15:27:15:Infinity":5,"s:16:2:16:Infinity":6,"f:18:60:18:67":3,"s:19:27:19:Infinity":7,"s:20:2:20:Infinity":8,"s:21:2:21:Infinity":9},"fnNames":{}}}
,"D:\\student\\node\\src\\controllers\\handleErrors.ts": {"path":"D:\\student\\node\\src\\controllers\\handleErrors.ts","statementMap":{"0":{"start":{"line":7,"column":1},"end":{"line":26,"column":null}},"1":{"start":{"line":8,"column":2},"end":{"line":25,"column":null}},"2":{"start":{"line":9,"column":3},"end":{"line":9,"column":null}},"3":{"start":{"line":11,"column":3},"end":{"line":14,"column":null}},"4":{"start":{"line":12,"column":4},"end":{"line":12,"column":null}},"5":{"start":{"line":13,"column":4},"end":{"line":13,"column":null}},"6":{"start":{"line":15,"column":3},"end":{"line":18,"column":null}},"7":{"start":{"line":16,"column":4},"end":{"line":16,"column":null}},"8":{"start":{"line":17,"column":4},"end":{"line":17,"column":null}},"9":{"start":{"line":19,"column":3},"end":{"line":22,"column":null}},"10":{"start":{"line":20,"column":4},"end":{"line":20,"column":null}},"11":{"start":{"line":21,"column":4},"end":{"line":21,"column":null}},"12":{"start":{"line":23,"column":3},"end":{"line":23,"column":null}},"13":{"start":{"line":24,"column":3},"end":{"line":24,"column":null}}},"fnMap":{"0":{"name":"handleErrors","decl":{"start":{"line":4,"column":16},"end":{"line":4,"column":null}},"loc":{"start":{"line":6,"column":18},"end":{"line":27,"column":null}},"line":6},"1":{"name":"(anonymous_1)","decl":{"start":{"line":7,"column":8},"end":{"line":7,"column":15}},"loc":{"start":{"line":7,"column":28},"end":{"line":26,"column":null}},"line":7}},"branchMap":{"0":{"loc":{"start":{"line":11,"column":3},"end":{"line":14,"column":null}},"type":"if","locations":[{"start":{"line":11,"column":3},"end":{"line":14,"column":null}},{"start":{},"end":{}}],"line":11},"1":{"loc":{"start":{"line":15,"column":3},"end":{"line":18,"column":null}},"type":"if","locations":[{"start":{"line":15,"column":3},"end":{"line":18,"column":null}},{"start":{},"end":{}}],"line":15},"2":{"loc":{"start":{"line":19,"column":3},"end":{"line":22,"column":null}},"type":"if","locations":[{"start":{"line":19,"column":3},"end":{"line":22,"column":null}},{"start":{},"end":{}}],"line":19}},"s":{"0":9,"1":17,"2":17,"3":4,"4":3,"5":3,"6":1,"7":1,"8":1,"9":0,"10":0,"11":0,"12":0,"13":0},"f":{"0":9,"1":17},"b":{"0":[3,1],"1":[1,0],"2":[0,0]},"meta":{"lastBranch":3,"lastFunction":2,"lastStatement":14,"seen":{"f:4:16:4:Infinity":0,"s:7:1:26:Infinity":0,"f:7:8:7:15":1,"s:8:2:25:Infinity":1,"s:9:3:9:Infinity":2,"b:11:3:14:Infinity:undefined:undefined:undefined:undefined":0,"s:11:3:14:Infinity":3,"s:12:4:12:Infinity":4,"s:13:4:13:Infinity":5,"b:15:3:18:Infinity:undefined:undefined:undefined:undefined":1,"s:15:3:18:Infinity":6,"s:16:4:16:Infinity":7,"s:17:4:17:Infinity":8,"b:19:3:22:Infinity:undefined:undefined:undefined:undefined":2,"s:19:3:22:Infinity":9,"s:20:4:20:Infinity":10,"s:21:4:21:Infinity":11,"s:23:3:23:Infinity":12,"s:24:3:24:Infinity":13},"fnNames":{}}}
,"D:\\student\\node\\src\\controllers\\tasksController.ts": {"path":"D:\\student\\node\\src\\controllers\\tasksController.ts","statementMap":{"0":{"start":{"line":5,"column":30},"end":{"line":32,"column":null}},"1":{"start":{"line":7,"column":16},"end":{"line":7,"column":null}},"2":{"start":{"line":8,"column":2},"end":{"line":8,"column":null}},"3":{"start":{"line":12,"column":17},"end":{"line":12,"column":null}},"4":{"start":{"line":13,"column":2},"end":{"line":13,"column":null}},"5":{"start":{"line":17,"column":16},"end":{"line":17,"column":null}},"6":{"start":{"line":18,"column":2},"end":{"line":18,"column":null}},"7":{"start":{"line":22,"column":17},"end":{"line":22,"column":null}},"8":{"start":{"line":23,"column":16},"end":{"line":23,"column":null}},"9":{"start":{"line":24,"column":2},"end":{"line":24,"column":null}},"10":{"start":{"line":28,"column":17},"end":{"line":28,"column":null}},"11":{"start":{"line":29,"column":2},"end":{"line":29,"column":null}},"12":{"start":{"line":30,"column":2},"end":{"line":30,"column":null}}},"fnMap":{"0":{"name":"(anonymous_0)","decl":{"start":{"line":6,"column":22},"end":{"line":6,"column":29}},"loc":{"start":{"line":6,"column":42},"end":{"line":9,"column":2}},"line":6},"1":{"name":"(anonymous_1)","decl":{"start":{"line":11,"column":36},"end":{"line":11,"column":43}},"loc":{"start":{"line":11,"column":56},"end":{"line":14,"column":2}},"line":11},"2":{"name":"(anonymous_2)","decl":{"start":{"line":16,"column":63},"end":{"line":16,"column":70}},"loc":{"start":{"line":16,"column":83},"end":{"line":19,"column":2}},"line":16},"3":{"name":"(anonymous_3)","decl":{"start":{"line":21,"column":52},"end":{"line":21,"column":59}},"loc":{"start":{"line":21,"column":72},"end":{"line":25,"column":2}},"line":21},"4":{"name":"(anonymous_4)","decl":{"start":{"line":27,"column":35},"end":{"line":27,"column":42}},"loc":{"start":{"line":27,"column":55},"end":{"line":31,"column":2}},"line":27}},"branchMap":{},"s":{"0":1,"1":2,"2":2,"3":2,"4":2,"5":2,"6":2,"7":1,"8":1,"9":1,"10":1,"11":1,"12":0},"f":{"0":2,"1":2,"2":2,"3":1,"4":1},"b":{},"meta":{"lastBranch":0,"lastFunction":5,"lastStatement":13,"seen":{"s:5:30:32:Infinity":0,"f:6:22:6:29":0,"s:7:16:7:Infinity":1,"s:8:2:8:Infinity":2,"f:11:36:11:43":1,"s:12:17:12:Infinity":3,"s:13:2:13:Infinity":4,"f:16:63:16:70":2,"s:17:16:17:Infinity":5,"s:18:2:18:Infinity":6,"f:21:52:21:59":3,"s:22:17:22:Infinity":7,"s:23:16:23:Infinity":8,"s:24:2:24:Infinity":9,"f:27:35:27:42":4,"s:28:17:28:Infinity":10,"s:29:2:29:Infinity":11,"s:30:2:30:Infinity":12},"fnNames":{}}}
,"D:\\student\\node\\src\\db\\index.ts": {"path":"D:\\student\\node\\src\\db\\index.ts","statementMap":{"0":{"start":{"line":6,"column":13},"end":{"line":8,"column":null}},"1":{"start":{"line":10,"column":13},"end":{"line":10,"column":null}}},"fnMap":{},"branchMap":{},"s":{"0":1,"1":1},"f":{},"b":{},"meta":{"lastBranch":0,"lastFunction":0,"lastStatement":2,"seen":{"s:6:13:8:Infinity":0,"s:10:13:10:Infinity":1},"fnNames":{}}}
,"D:\\student\\node\\src\\lib\\tokens.ts": {"path":"D:\\student\\node\\src\\lib\\tokens.ts","statementMap":{"0":{"start":{"line":4,"column":1},"end":{"line":4,"column":null}}},"fnMap":{"0":{"name":"signAccessToken","decl":{"start":{"line":3,"column":16},"end":{"line":3,"column":32}},"loc":{"start":{"line":3,"column":76},"end":{"line":5,"column":null}},"line":3}},"branchMap":{},"s":{"0":3},"f":{"0":3},"b":{},"meta":{"lastBranch":0,"lastFunction":1,"lastStatement":1,"seen":{"f:3:16:3:32":0,"s:4:1:4:Infinity":0},"fnNames":{}}}
,"D:\\student\\node\\src\\middlewares\\requireAuth.ts": {"path":"D:\\student\\node\\src\\middlewares\\requireAuth.ts","statementMap":{"0":{"start":{"line":5,"column":16},"end":{"line":5,"column":null}},"1":{"start":{"line":7,"column":1},"end":{"line":10,"column":null}},"2":{"start":{"line":8,"column":2},"end":{"line":8,"column":null}},"3":{"start":{"line":9,"column":2},"end":{"line":9,"column":null}},"4":{"start":{"line":12,"column":15},"end":{"line":12,"column":null}},"5":{"start":{"line":14,"column":1},"end":{"line":20,"column":null}},"6":{"start":{"line":15,"column":18},"end":{"line":15,"column":null}},"7":{"start":{"line":16,"column":2},"end":{"line":16,"column":null}},"8":{"start":{"line":17,"column":2},"end":{"line":17,"column":null}},"9":{"start":{"line":19,"column":2},"end":{"line":19,"column":null}}},"fnMap":{"0":{"name":"requireAuth","decl":{"start":{"line":4,"column":16},"end":{"line":4,"column":28}},"loc":{"start":{"line":4,"column":83},"end":{"line":21,"column":null}},"line":4}},"branchMap":{"0":{"loc":{"start":{"line":7,"column":1},"end":{"line":10,"column":null}},"type":"if","locations":[{"start":{"line":7,"column":1},"end":{"line":10,"column":null}},{"start":{},"end":{}}],"line":7}},"s":{"0":10,"1":10,"2":1,"3":1,"4":9,"5":9,"6":9,"7":9,"8":9,"9":1},"f":{"0":10},"b":{"0":[1,9]},"meta":{"lastBranch":1,"lastFunction":1,"lastStatement":10,"seen":{"f:4:16:4:28":0,"s:5:16:5:Infinity":0,"b:7:1:10:Infinity:undefined:undefined:undefined:undefined":0,"s:7:1:10:Infinity":1,"s:8:2:8:Infinity":2,"s:9:2:9:Infinity":3,"s:12:15:12:Infinity":4,"s:14:1:20:Infinity":5,"s:15:18:15:Infinity":6,"s:16:2:16:Infinity":7,"s:17:2:17:Infinity":8,"s:19:2:19:Infinity":9},"fnNames":{}}}
,"D:\\student\\node\\src\\middlewares\\validate.ts": {"path":"D:\\student\\node\\src\\middlewares\\validate.ts","statementMap":{"0":{"start":{"line":7,"column":1},"end":{"line":24,"column":null}},"1":{"start":{"line":8,"column":17},"end":{"line":8,"column":null}},"2":{"start":{"line":10,"column":2},"end":{"line":21,"column":null}},"3":{"start":{"line":11,"column":17},"end":{"line":11,"column":null}},"4":{"start":{"line":13,"column":3},"end":{"line":19,"column":null}},"5":{"start":{"line":15,"column":37},"end":{"line":18,"column":6}},"6":{"start":{"line":20,"column":3},"end":{"line":20,"column":null}},"7":{"start":{"line":22,"column":2},"end":{"line":22,"column":null}},"8":{"start":{"line":23,"column":2},"end":{"line":23,"column":null}}},"fnMap":{"0":{"name":"validate","decl":{"start":{"line":6,"column":16},"end":{"line":6,"column":25}},"loc":{"start":{"line":6,"column":83},"end":{"line":25,"column":null}},"line":6},"1":{"name":"(anonymous_1)","decl":{"start":{"line":7,"column":1},"end":{"line":7,"column":9}},"loc":{"start":{"line":7,"column":61},"end":{"line":24,"column":null}},"line":7},"2":{"name":"(anonymous_2)","decl":{"start":{"line":15,"column":25},"end":{"line":15,"column":30}},"loc":{"start":{"line":15,"column":37},"end":{"line":18,"column":6}},"line":15}},"branchMap":{"0":{"loc":{"start":{"line":6,"column":42},"end":{"line":6,"column":83}},"type":"default-arg","locations":[{"start":{"line":6,"column":59},"end":{"line":6,"column":83}}],"line":6},"1":{"loc":{"start":{"line":10,"column":2},"end":{"line":21,"column":null}},"type":"if","locations":[{"start":{"line":10,"column":2},"end":{"line":21,"column":null}},{"start":{},"end":{}}],"line":10}},"s":{"0":9,"1":17,"2":17,"3":1,"4":1,"5":2,"6":1,"7":16,"8":16},"f":{"0":9,"1":17,"2":2},"b":{"0":[9],"1":[1,16]},"meta":{"lastBranch":2,"lastFunction":3,"lastStatement":9,"seen":{"f:6:16:6:25":0,"b:6:59:6:83":0,"s:7:1:24:Infinity":0,"f:7:1:7:9":1,"s:8:17:8:Infinity":1,"b:10:2:21:Infinity:undefined:undefined:undefined:undefined":1,"s:10:2:21:Infinity":2,"s:11:17:11:Infinity":3,"s:13:3:19:Infinity":4,"f:15:25:15:30":2,"s:15:37:18:6":5,"s:20:3:20:Infinity":6,"s:22:2:22:Infinity":7,"s:23:2:23:Infinity":8},"fnNames":{}}}
,"D:\\student\\node\\src\\repositories\\refreshTokenRepository.ts": {"path":"D:\\student\\node\\src\\repositories\\refreshTokenRepository.ts","statementMap":{"0":{"start":{"line":7,"column":39},"end":{"line":28,"column":null}},"1":{"start":{"line":9,"column":15},"end":{"line":9,"column":null}},"2":{"start":{"line":10,"column":2},"end":{"line":10,"column":null}},"3":{"start":{"line":14,"column":15},"end":{"line":14,"column":null}},"4":{"start":{"line":15,"column":2},"end":{"line":15,"column":null}},"5":{"start":{"line":19,"column":2},"end":{"line":19,"column":null}},"6":{"start":{"line":23,"column":2},"end":{"line":26,"column":null}}},"fnMap":{"0":{"name":"create","decl":{"start":{"line":8,"column":7},"end":{"line":8,"column":14}},"loc":{"start":{"line":8,"column":92},"end":{"line":11,"column":null}},"line":8},"1":{"name":"findByHash","decl":{"start":{"line":13,"column":7},"end":{"line":13,"column":18}},"loc":{"start":{"line":13,"column":75},"end":{"line":16,"column":null}},"line":13},"2":{"name":"revoke","decl":{"start":{"line":18,"column":7},"end":{"line":18,"column":14}},"loc":{"start":{"line":18,"column":41},"end":{"line":20,"column":null}},"line":18},"3":{"name":"revokeAllForUser","decl":{"start":{"line":22,"column":7},"end":{"line":22,"column":24}},"loc":{"start":{"line":22,"column":55},"end":{"line":27,"column":null}},"line":22}},"branchMap":{},"s":{"0":1,"1":3,"2":3,"3":0,"4":0,"5":0,"6":0},"f":{"0":3,"1":0,"2":0,"3":0},"b":{},"meta":{"lastBranch":0,"lastFunction":4,"lastStatement":7,"seen":{"s:7:39:28:Infinity":0,"f:8:7:8:14":0,"s:9:15:9:Infinity":1,"s:10:2:10:Infinity":2,"f:13:7:13:18":1,"s:14:15:14:Infinity":3,"s:15:2:15:Infinity":4,"f:18:7:18:14":2,"s:19:2:19:Infinity":5,"f:22:7:22:24":3,"s:23:2:26:Infinity":6},"fnNames":{}}}
,"D:\\student\\node\\src\\repositories\\tasksRepository.ts": {"path":"D:\\student\\node\\src\\repositories\\tasksRepository.ts","statementMap":{"0":{"start":{"line":7,"column":20},"end":{"line":7,"column":null}},"1":{"start":{"line":9,"column":31},"end":{"line":43,"column":null}},"2":{"start":{"line":11,"column":2},"end":{"line":11,"column":null}},"3":{"start":{"line":15,"column":15},"end":{"line":18,"column":null}},"4":{"start":{"line":19,"column":2},"end":{"line":19,"column":null}},"5":{"start":{"line":23,"column":15},"end":{"line":23,"column":null}},"6":{"start":{"line":24,"column":2},"end":{"line":24,"column":null}},"7":{"start":{"line":28,"column":15},"end":{"line":32,"column":null}},"8":{"start":{"line":33,"column":2},"end":{"line":33,"column":null}},"9":{"start":{"line":37,"column":15},"end":{"line":40,"column":null}},"10":{"start":{"line":41,"column":2},"end":{"line":41,"column":null}}},"fnMap":{"0":{"name":"findAll","decl":{"start":{"line":10,"column":7},"end":{"line":10,"column":15}},"loc":{"start":{"line":10,"column":48},"end":{"line":12,"column":null}},"line":10},"1":{"name":"findById","decl":{"start":{"line":14,"column":7},"end":{"line":14,"column":16}},"loc":{"start":{"line":14,"column":71},"end":{"line":20,"column":null}},"line":14},"2":{"name":"create","decl":{"start":{"line":22,"column":7},"end":{"line":22,"column":14}},"loc":{"start":{"line":22,"column":69},"end":{"line":25,"column":null}},"line":22},"3":{"name":"update","decl":{"start":{"line":27,"column":7},"end":{"line":27,"column":14}},"loc":{"start":{"line":27,"column":95},"end":{"line":34,"column":null}},"line":27},"4":{"name":"remove","decl":{"start":{"line":36,"column":7},"end":{"line":36,"column":14}},"loc":{"start":{"line":36,"column":60},"end":{"line":42,"column":null}},"line":36}},"branchMap":{},"s":{"0":1,"1":1,"2":2,"3":2,"4":2,"5":2,"6":2,"7":1,"8":1,"9":1,"10":1},"f":{"0":2,"1":2,"2":2,"3":1,"4":1},"b":{},"meta":{"lastBranch":0,"lastFunction":5,"lastStatement":11,"seen":{"s:7:20:7:Infinity":0,"s:9:31:43:Infinity":1,"f:10:7:10:15":0,"s:11:2:11:Infinity":2,"f:14:7:14:16":1,"s:15:15:18:Infinity":3,"s:19:2:19:Infinity":4,"f:22:7:22:14":2,"s:23:15:23:Infinity":5,"s:24:2:24:Infinity":6,"f:27:7:27:14":3,"s:28:15:32:Infinity":7,"s:33:2:33:Infinity":8,"f:36:7:36:14":4,"s:37:15:40:Infinity":9,"s:41:2:41:Infinity":10},"fnNames":{}}}
,"D:\\student\\node\\src\\repositories\\usersRepository.ts": {"path":"D:\\student\\node\\src\\repositories\\usersRepository.ts","statementMap":{"0":{"start":{"line":6,"column":31},"end":{"line":19,"column":null}},"1":{"start":{"line":8,"column":15},"end":{"line":8,"column":null}},"2":{"start":{"line":9,"column":2},"end":{"line":9,"column":null}},"3":{"start":{"line":12,"column":15},"end":{"line":12,"column":null}},"4":{"start":{"line":13,"column":2},"end":{"line":13,"column":null}},"5":{"start":{"line":16,"column":15},"end":{"line":16,"column":null}},"6":{"start":{"line":17,"column":2},"end":{"line":17,"column":null}}},"fnMap":{"0":{"name":"findByEmail","decl":{"start":{"line":7,"column":7},"end":{"line":7,"column":19}},"loc":{"start":{"line":7,"column":61},"end":{"line":10,"column":null}},"line":7},"1":{"name":"create","decl":{"start":{"line":11,"column":7},"end":{"line":11,"column":14}},"loc":{"start":{"line":11,"column":66},"end":{"line":14,"column":null}},"line":11},"2":{"name":"findById","decl":{"start":{"line":15,"column":7},"end":{"line":15,"column":16}},"loc":{"start":{"line":15,"column":55},"end":{"line":18,"column":null}},"line":15}},"branchMap":{},"s":{"0":1,"1":3,"2":3,"3":6,"4":5,"5":0,"6":0},"f":{"0":3,"1":6,"2":0},"b":{},"meta":{"lastBranch":0,"lastFunction":3,"lastStatement":7,"seen":{"s:6:31:19:Infinity":0,"f:7:7:7:19":0,"s:8:15:8:Infinity":1,"s:9:2:9:Infinity":2,"f:11:7:11:14":1,"s:12:15:12:Infinity":3,"s:13:2:13:Infinity":4,"f:15:7:15:16":2,"s:16:15:16:Infinity":5,"s:17:2:17:Infinity":6},"fnNames":{}}}
,"D:\\student\\node\\src\\routes\\authRoutes.ts": {"path":"D:\\student\\node\\src\\routes\\authRoutes.ts","statementMap":{"0":{"start":{"line":6,"column":6},"end":{"line":6,"column":null}},"1":{"start":{"line":8,"column":0},"end":{"line":8,"column":null}},"2":{"start":{"line":9,"column":0},"end":{"line":9,"column":null}},"3":{"start":{"line":10,"column":0},"end":{"line":10,"column":null}},"4":{"start":{"line":11,"column":0},"end":{"line":11,"column":null}}},"fnMap":{},"branchMap":{},"s":{"0":1,"1":1,"2":1,"3":1,"4":1},"f":{},"b":{},"meta":{"lastBranch":0,"lastFunction":0,"lastStatement":5,"seen":{"s:6:6:6:Infinity":0,"s:8:0:8:Infinity":1,"s:9:0:9:Infinity":2,"s:10:0:10:Infinity":3,"s:11:0:11:Infinity":4},"fnNames":{}}}
,"D:\\student\\node\\src\\routes\\tasksRoutes.ts": {"path":"D:\\student\\node\\src\\routes\\tasksRoutes.ts","statementMap":{"0":{"start":{"line":6,"column":6},"end":{"line":6,"column":null}},"1":{"start":{"line":8,"column":0},"end":{"line":8,"column":null}},"2":{"start":{"line":9,"column":0},"end":{"line":9,"column":null}},"3":{"start":{"line":10,"column":0},"end":{"line":10,"column":null}},"4":{"start":{"line":11,"column":0},"end":{"line":11,"column":null}},"5":{"start":{"line":12,"column":0},"end":{"line":12,"column":null}}},"fnMap":{},"branchMap":{},"s":{"0":1,"1":1,"2":1,"3":1,"4":1,"5":1},"f":{},"b":{},"meta":{"lastBranch":0,"lastFunction":0,"lastStatement":6,"seen":{"s:6:6:6:Infinity":0,"s:8:0:8:Infinity":1,"s:9:0:9:Infinity":2,"s:10:0:10:Infinity":3,"s:11:0:11:Infinity":4,"s:12:0:12:Infinity":5},"fnNames":{}}}
,"D:\\student\\node\\src\\schemas\\authSchemas.ts": {"path":"D:\\student\\node\\src\\schemas\\authSchemas.ts","statementMap":{"0":{"start":{"line":3,"column":30},"end":{"line":8,"column":null}},"1":{"start":{"line":10,"column":27},"end":{"line":15,"column":null}},"2":{"start":{"line":17,"column":32},"end":{"line":24,"column":null}},"3":{"start":{"line":26,"column":29},"end":{"line":30,"column":null}},"4":{"start":{"line":32,"column":31},"end":{"line":37,"column":null}}},"fnMap":{},"branchMap":{},"s":{"0":2,"1":2,"2":2,"3":2,"4":2},"f":{},"b":{},"meta":{"lastBranch":0,"lastFunction":0,"lastStatement":5,"seen":{"s:3:30:8:Infinity":0,"s:10:27:15:Infinity":1,"s:17:32:24:Infinity":2,"s:26:29:30:Infinity":3,"s:32:31:37:Infinity":4},"fnNames":{}}}
,"D:\\student\\node\\src\\schemas\\taskSchemas.ts": {"path":"D:\\student\\node\\src\\schemas\\taskSchemas.ts","statementMap":{"0":{"start":{"line":3,"column":26},"end":{"line":9,"column":null}},"1":{"start":{"line":11,"column":32},"end":{"line":11,"column":null}},"2":{"start":{"line":13,"column":32},"end":{"line":13,"column":null}},"3":{"start":{"line":15,"column":33},"end":{"line":17,"column":null}}},"fnMap":{},"branchMap":{},"s":{"0":1,"1":1,"2":1,"3":1},"f":{},"b":{},"meta":{"lastBranch":0,"lastFunction":0,"lastStatement":4,"seen":{"s:3:26:9:Infinity":0,"s:11:32:11:Infinity":1,"s:13:32:13:Infinity":2,"s:15:33:17:Infinity":3},"fnNames":{}}}
,"D:\\student\\node\\src\\services\\authService.ts": {"path":"D:\\student\\node\\src\\services\\authService.ts","statementMap":{"0":{"start":{"line":11,"column":1},"end":{"line":11,"column":null}},"1":{"start":{"line":15,"column":1},"end":{"line":15,"column":null}},"2":{"start":{"line":20,"column":23},"end":{"line":20,"column":null}},"3":{"start":{"line":23,"column":1},"end":{"line":23,"column":null}},"4":{"start":{"line":26,"column":27},"end":{"line":92,"column":null}},"5":{"start":{"line":28,"column":23},"end":{"line":28,"column":null}},"6":{"start":{"line":30,"column":2},"end":{"line":40,"column":null}},"7":{"start":{"line":31,"column":16},"end":{"line":31,"column":null}},"8":{"start":{"line":32,"column":50},"end":{"line":32,"column":null}},"9":{"start":{"line":34,"column":3},"end":{"line":34,"column":null}},"10":{"start":{"line":36,"column":3},"end":{"line":38,"column":null}},"11":{"start":{"line":37,"column":4},"end":{"line":37,"column":null}},"12":{"start":{"line":39,"column":3},"end":{"line":39,"column":null}},"13":{"start":{"line":43,"column":15},"end":{"line":43,"column":null}},"14":{"start":{"line":44,"column":2},"end":{"line":46,"column":null}},"15":{"start":{"line":45,"column":3},"end":{"line":45,"column":null}},"16":{"start":{"line":48,"column":21},"end":{"line":48,"column":null}},"17":{"start":{"line":50,"column":2},"end":{"line":52,"column":null}},"18":{"start":{"line":51,"column":3},"end":{"line":51,"column":null}},"19":{"start":{"line":54,"column":8},"end":{"line":54,"column":null}},"20":{"start":{"line":55,"column":23},"end":{"line":55,"column":null}},"21":{"start":{"line":56,"column":20},"end":{"line":56,"column":null}},"22":{"start":{"line":57,"column":2},"end":{"line":57,"column":null}},"23":{"start":{"line":59,"column":2},"end":{"line":59,"column":null}},"24":{"start":{"line":62,"column":17},"end":{"line":62,"column":null}},"25":{"start":{"line":63,"column":2},"end":{"line":63,"column":null}},"26":{"start":{"line":63,"column":14},"end":{"line":63,"column":null}},"27":{"start":{"line":67,"column":17},"end":{"line":67,"column":null}},"28":{"start":{"line":69,"column":2},"end":{"line":69,"column":null}},"29":{"start":{"line":69,"column":15},"end":{"line":69,"column":null}},"30":{"start":{"line":71,"column":2},"end":{"line":74,"column":null}},"31":{"start":{"line":72,"column":3},"end":{"line":72,"column":null}},"32":{"start":{"line":73,"column":3},"end":{"line":73,"column":null}},"33":{"start":{"line":76,"column":2},"end":{"line":78,"column":null}},"34":{"start":{"line":77,"column":3},"end":{"line":77,"column":null}},"35":{"start":{"line":80,"column":2},"end":{"line":80,"column":null}},"36":{"start":{"line":82,"column":15},"end":{"line":82,"column":null}},"37":{"start":{"line":83,"column":2},"end":{"line":83,"column":null}},"38":{"start":{"line":83,"column":13},"end":{"line":83,"column":null}},"39":{"start":{"line":85,"column":8},"end":{"line":85,"column":null}},"40":{"start":{"line":86,"column":23},"end":{"line":86,"column":null}},"41":{"start":{"line":87,"column":20},"end":{"line":87,"column":null}},"42":{"start":{"line":88,"column":2},"end":{"line":88,"column":null}},"43":{"start":{"line":90,"column":2},"end":{"line":90,"column":null}}},"fnMap":{"0":{"name":"generateRefreshToken","decl":{"start":{"line":10,"column":9},"end":{"line":10,"column":40}},"loc":{"start":{"line":10,"column":40},"end":{"line":12,"column":null}},"line":10},"1":{"name":"hashToken","decl":{"start":{"line":14,"column":9},"end":{"line":14,"column":19}},"loc":{"start":{"line":14,"column":40},"end":{"line":16,"column":null}},"line":14},"2":{"name":"isUniqueViolation","decl":{"start":{"line":22,"column":9},"end":{"line":22,"column":27}},"loc":{"start":{"line":22,"column":50},"end":{"line":24,"column":null}},"line":22},"3":{"name":"register","decl":{"start":{"line":27,"column":7},"end":{"line":27,"column":16}},"loc":{"start":{"line":27,"column":59},"end":{"line":41,"column":null}},"line":27},"4":{"name":"login","decl":{"start":{"line":42,"column":7},"end":{"line":42,"column":13}},"loc":{"start":{"line":42,"column":52},"end":{"line":60,"column":null}},"line":42},"5":{"name":"logout","decl":{"start":{"line":61,"column":7},"end":{"line":61,"column":14}},"loc":{"start":{"line":61,"column":47},"end":{"line":64,"column":null}},"line":61},"6":{"name":"refresh","decl":{"start":{"line":66,"column":7},"end":{"line":66,"column":15}},"loc":{"start":{"line":66,"column":53},"end":{"line":91,"column":null}},"line":66}},"branchMap":{"0":{"loc":{"start":{"line":23,"column":8},"end":{"line":23,"column":null}},"type":"binary-expr","locations":[{"start":{"line":23,"column":8},"end":{"line":23,"column":32}},{"start":{"line":23,"column":32},"end":{"line":23,"column":50}},{"start":{"line":23,"column":50},"end":{"line":23,"column":83}},{"start":{"line":23,"column":83},"end":{"line":23,"column":105}},{"start":{"line":23,"column":105},"end":{"line":23,"column":128}},{"start":{"line":23,"column":128},"end":{"line":23,"column":null}}],"line":23},"1":{"loc":{"start":{"line":36,"column":3},"end":{"line":38,"column":null}},"type":"if","locations":[{"start":{"line":36,"column":3},"end":{"line":38,"column":null}},{"start":{},"end":{}}],"line":36},"2":{"loc":{"start":{"line":44,"column":2},"end":{"line":46,"column":null}},"type":"if","locations":[{"start":{"line":44,"column":2},"end":{"line":46,"column":null}},{"start":{},"end":{}}],"line":44},"3":{"loc":{"start":{"line":50,"column":2},"end":{"line":52,"column":null}},"type":"if","locations":[{"start":{"line":50,"column":2},"end":{"line":52,"column":null}},{"start":{},"end":{}}],"line":50},"4":{"loc":{"start":{"line":63,"column":2},"end":{"line":63,"column":null}},"type":"if","locations":[{"start":{"line":63,"column":2},"end":{"line":63,"column":null}},{"start":{},"end":{}}],"line":63},"5":{"loc":{"start":{"line":69,"column":2},"end":{"line":69,"column":null}},"type":"if","locations":[{"start":{"line":69,"column":2},"end":{"line":69,"column":null}},{"start":{},"end":{}}],"line":69},"6":{"loc":{"start":{"line":71,"column":2},"end":{"line":74,"column":null}},"type":"if","locations":[{"start":{"line":71,"column":2},"end":{"line":74,"column":null}},{"start":{},"end":{}}],"line":71},"7":{"loc":{"start":{"line":76,"column":2},"end":{"line":78,"column":null}},"type":"if","locations":[{"start":{"line":76,"column":2},"end":{"line":78,"column":null}},{"start":{},"end":{}}],"line":76},"8":{"loc":{"start":{"line":83,"column":2},"end":{"line":83,"column":null}},"type":"if","locations":[{"start":{"line":83,"column":2},"end":{"line":83,"column":null}},{"start":{},"end":{}}],"line":83}},"s":{"0":5,"1":11,"2":2,"3":1,"4":2,"5":6,"6":6,"7":6,"8":5,"9":5,"10":1,"11":1,"12":0,"13":6,"14":6,"15":1,"16":5,"17":5,"18":1,"19":4,"20":4,"21":4,"22":4,"23":4,"24":0,"25":0,"26":0,"27":6,"28":6,"29":1,"30":5,"31":2,"32":2,"33":3,"34":1,"35":2,"36":2,"37":2,"38":2,"39":1,"40":1,"41":1,"42":1,"43":1},"f":{"0":5,"1":11,"2":1,"3":6,"4":6,"5":0,"6":6},"b":{"0":[1,1,1,1,1,1],"1":[1,0],"2":[1,5],"3":[1,4],"4":[0,0],"5":[1,5],"6":[2,3],"7":[1,2],"8":[1,1]},"meta":{"lastBranch":9,"lastFunction":7,"lastStatement":44,"seen":{"f:10:9:10:40":0,"s:11:1:11:Infinity":0,"f:14:9:14:19":1,"s:15:1:15:Infinity":1,"s:20:23:20:Infinity":2,"f:22:9:22:27":2,"s:23:1:23:Infinity":3,"b:23:8:23:32:23:32:23:50:23:50:23:83:23:83:23:105:23:105:23:128:23:128:23:Infinity":0,"s:26:27:92:Infinity":4,"f:27:7:27:16":3,"s:28:23:28:Infinity":5,"s:30:2:40:Infinity":6,"s:31:16:31:Infinity":7,"s:32:50:32:Infinity":8,"s:34:3:34:Infinity":9,"b:36:3:38:Infinity:undefined:undefined:undefined:undefined":1,"s:36:3:38:Infinity":10,"s:37:4:37:Infinity":11,"s:39:3:39:Infinity":12,"f:42:7:42:13":4,"s:43:15:43:Infinity":13,"b:44:2:46:Infinity:undefined:undefined:undefined:undefined":2,"s:44:2:46:Infinity":14,"s:45:3:45:Infinity":15,"s:48:21:48:Infinity":16,"b:50:2:52:Infinity:undefined:undefined:undefined:undefined":3,"s:50:2:52:Infinity":17,"s:51:3:51:Infinity":18,"s:54:8:54:Infinity":19,"s:55:23:55:Infinity":20,"s:56:20:56:Infinity":21,"s:57:2:57:Infinity":22,"s:59:2:59:Infinity":23,"f:61:7:61:14":5,"s:62:17:62:Infinity":24,"b:63:2:63:Infinity:undefined:undefined:undefined:undefined":4,"s:63:2:63:Infinity":25,"s:63:14:63:Infinity":26,"f:66:7:66:15":6,"s:67:17:67:Infinity":27,"b:69:2:69:Infinity:undefined:undefined:undefined:undefined":5,"s:69:2:69:Infinity":28,"s:69:15:69:Infinity":29,"b:71:2:74:Infinity:undefined:undefined:undefined:undefined":6,"s:71:2:74:Infinity":30,"s:72:3:72:Infinity":31,"s:73:3:73:Infinity":32,"b:76:2:78:Infinity:undefined:undefined:undefined:undefined":7,"s:76:2:78:Infinity":33,"s:77:3:77:Infinity":34,"s:80:2:80:Infinity":35,"s:82:15:82:Infinity":36,"b:83:2:83:Infinity:undefined:undefined:undefined:undefined":8,"s:83:2:83:Infinity":37,"s:83:13:83:Infinity":38,"s:85:8:85:Infinity":39,"s:86:23:86:Infinity":40,"s:87:20:87:Infinity":41,"s:88:2:88:Infinity":42,"s:90:2:90:Infinity":43},"fnNames":{}}}
,"D:\\student\\node\\src\\services\\tasksService.ts": {"path":"D:\\student\\node\\src\\services\\tasksService.ts","statementMap":{"0":{"start":{"line":6,"column":28},"end":{"line":39,"column":null}},"1":{"start":{"line":8,"column":2},"end":{"line":8,"column":null}},"2":{"start":{"line":12,"column":15},"end":{"line":12,"column":null}},"3":{"start":{"line":13,"column":2},"end":{"line":15,"column":null}},"4":{"start":{"line":14,"column":3},"end":{"line":14,"column":null}},"5":{"start":{"line":16,"column":2},"end":{"line":16,"column":null}},"6":{"start":{"line":20,"column":2},"end":{"line":20,"column":null}},"7":{"start":{"line":24,"column":18},"end":{"line":24,"column":null}},"8":{"start":{"line":26,"column":2},"end":{"line":28,"column":null}},"9":{"start":{"line":27,"column":3},"end":{"line":27,"column":null}},"10":{"start":{"line":30,"column":2},"end":{"line":30,"column":null}},"11":{"start":{"line":34,"column":13},"end":{"line":34,"column":null}},"12":{"start":{"line":35,"column":2},"end":{"line":37,"column":null}},"13":{"start":{"line":36,"column":3},"end":{"line":36,"column":null}}},"fnMap":{"0":{"name":"getAll","decl":{"start":{"line":7,"column":7},"end":{"line":7,"column":14}},"loc":{"start":{"line":7,"column":47},"end":{"line":9,"column":null}},"line":7},"1":{"name":"getById","decl":{"start":{"line":11,"column":7},"end":{"line":11,"column":15}},"loc":{"start":{"line":11,"column":58},"end":{"line":17,"column":null}},"line":11},"2":{"name":"create","decl":{"start":{"line":19,"column":7},"end":{"line":19,"column":14}},"loc":{"start":{"line":19,"column":69},"end":{"line":21,"column":null}},"line":19},"3":{"name":"update","decl":{"start":{"line":23,"column":7},"end":{"line":23,"column":14}},"loc":{"start":{"line":23,"column":81},"end":{"line":31,"column":null}},"line":23},"4":{"name":"remove","decl":{"start":{"line":33,"column":7},"end":{"line":33,"column":14}},"loc":{"start":{"line":33,"column":57},"end":{"line":38,"column":null}},"line":33}},"branchMap":{"0":{"loc":{"start":{"line":13,"column":2},"end":{"line":15,"column":null}},"type":"if","locations":[{"start":{"line":13,"column":2},"end":{"line":15,"column":null}},{"start":{},"end":{}}],"line":13},"1":{"loc":{"start":{"line":26,"column":2},"end":{"line":28,"column":null}},"type":"if","locations":[{"start":{"line":26,"column":2},"end":{"line":28,"column":null}},{"start":{},"end":{}}],"line":26},"2":{"loc":{"start":{"line":35,"column":2},"end":{"line":37,"column":null}},"type":"if","locations":[{"start":{"line":35,"column":2},"end":{"line":37,"column":null}},{"start":{},"end":{}}],"line":35}},"s":{"0":1,"1":2,"2":2,"3":2,"4":1,"5":1,"6":2,"7":1,"8":1,"9":1,"10":0,"11":1,"12":1,"13":1},"f":{"0":2,"1":2,"2":2,"3":1,"4":1},"b":{"0":[1,1],"1":[1,0],"2":[1,0]},"meta":{"lastBranch":3,"lastFunction":5,"lastStatement":14,"seen":{"s:6:28:39:Infinity":0,"f:7:7:7:14":0,"s:8:2:8:Infinity":1,"f:11:7:11:15":1,"s:12:15:12:Infinity":2,"b:13:2:15:Infinity:undefined:undefined:undefined:undefined":0,"s:13:2:15:Infinity":3,"s:14:3:14:Infinity":4,"s:16:2:16:Infinity":5,"f:19:7:19:14":2,"s:20:2:20:Infinity":6,"f:23:7:23:14":3,"s:24:18:24:Infinity":7,"b:26:2:28:Infinity:undefined:undefined:undefined:undefined":1,"s:26:2:28:Infinity":8,"s:27:3:27:Infinity":9,"s:30:2:30:Infinity":10,"f:33:7:33:14":4,"s:34:13:34:Infinity":11,"b:35:2:37:Infinity:undefined:undefined:undefined:undefined":2,"s:35:2:37:Infinity":12,"s:36:3:36:Infinity":13},"fnNames":{}}}
}
